<?xml version="1.0" encoding="UTF-8"?>
<!-- Generated by org.testng.reporters.JUnitReportReporter -->
<testsuite hostname="coldfish" failures="0" tests="1" name="exampgms.Wappalyzer" time="10.182" errors="0" timestamp="2023-07-31T11:57:33 IST" skipped="0">
  <testcase classname="exampgms.Wappalyzer" name="test" time="10.182"/>
  <system-out/>
</testsuite> <!-- exampgms.Wappalyzer -->
