<?xml version="1.0" encoding="UTF-8"?>
<!-- Generated by org.testng.reporters.JUnitReportReporter -->
<testsuite hostname="coldfish" failures="0" tests="1" name="exampgms.YathraCountLinks" time="11.601" errors="0" timestamp="2023-07-31T11:28:00 IST" skipped="0">
  <testcase classname="exampgms.YathraCountLinks" name="test" time="11.601"/>
  <system-out/>
</testsuite> <!-- exampgms.YathraCountLinks -->
